2025-10-22 00:15:57,067 INFO    MainThread:428 [wandb_setup.py:_flush():81] Current SDK version is 0.22.2
2025-10-22 00:15:57,067 INFO    MainThread:428 [wandb_setup.py:_flush():81] Configure stats pid to 428
2025-10-22 00:15:57,067 INFO    MainThread:428 [wandb_setup.py:_flush():81] Loading settings from C:\Users\Amos Valentino\.config\wandb\settings
2025-10-22 00:15:57,067 INFO    MainThread:428 [wandb_setup.py:_flush():81] Loading settings from C:\cendol-mt5\wandb\settings
2025-10-22 00:15:57,067 INFO    MainThread:428 [wandb_setup.py:_flush():81] Loading settings from environment variables
2025-10-22 00:15:57,068 INFO    MainThread:428 [wandb_init.py:setup_run_log_directory():705] Logging user logs to C:\cendol-mt5\wandb\run-20251022_001557-oiue4ncz\logs\debug.log
2025-10-22 00:15:57,072 INFO    MainThread:428 [wandb_init.py:setup_run_log_directory():706] Logging internal logs to C:\cendol-mt5\wandb\run-20251022_001557-oiue4ncz\logs\debug-internal.log
2025-10-22 00:15:57,072 INFO    MainThread:428 [wandb_init.py:init():832] calling init triggers
2025-10-22 00:15:57,073 INFO    MainThread:428 [wandb_init.py:init():837] wandb.init called with sweep_config: {}
config: {'_wandb': {}}
2025-10-22 00:15:57,073 INFO    MainThread:428 [wandb_init.py:init():880] starting backend
2025-10-22 00:15:59,471 INFO    MainThread:428 [wandb_init.py:init():883] sending inform_init request
2025-10-22 00:15:59,489 INFO    MainThread:428 [wandb_init.py:init():891] backend started and connected
2025-10-22 00:15:59,491 INFO    MainThread:428 [wandb_init.py:init():961] updated telemetry
2025-10-22 00:15:59,493 INFO    MainThread:428 [wandb_init.py:init():985] communicating run to backend with 90.0 second timeout
2025-10-22 00:16:00,791 INFO    MainThread:428 [wandb_init.py:init():1036] starting run threads in backend
2025-10-22 00:16:01,153 INFO    MainThread:428 [wandb_run.py:_console_start():2509] atexit reg
2025-10-22 00:16:01,153 INFO    MainThread:428 [wandb_run.py:_redirect():2357] redirect: wrap_raw
2025-10-22 00:16:01,153 INFO    MainThread:428 [wandb_run.py:_redirect():2426] Wrapping output streams.
2025-10-22 00:16:01,153 INFO    MainThread:428 [wandb_run.py:_redirect():2449] Redirects installed.
2025-10-22 00:16:01,158 INFO    MainThread:428 [wandb_init.py:init():1076] run started, returning control to user process
2025-10-22 00:16:10,834 INFO    MainThread:428 [wandb_run.py:_config_callback():1392] config_cb None None {'peft_config': {'default': {'task_type': 'SEQ_2_SEQ_LM', 'peft_type': 'LORA', 'auto_mapping': None, 'base_model_name_or_path': 'C:\\ML\\models\\cendol-mt5-base-inst', 'revision': None, 'inference_mode': False, 'r': 8, 'target_modules': ['q', 'v'], 'exclude_modules': None, 'lora_alpha': 16, 'lora_dropout': 0.05, 'fan_in_fan_out': False, 'bias': 'none', 'use_rslora': False, 'modules_to_save': None, 'init_lora_weights': True, 'layers_to_transform': None, 'layers_pattern': None, 'rank_pattern': {}, 'alpha_pattern': {}, 'megatron_config': None, 'megatron_core': 'megatron.core', 'trainable_token_indices': None, 'loftq_config': {}, 'eva_config': None, 'corda_config': None, 'use_dora': False, 'use_qalora': False, 'qalora_group_size': 16, 'layer_replication': None, 'runtime_config': {'ephemeral_gpu_offload': False}, 'lora_bias': False, 'target_parameters': None}}, 'vocab_size': 250112, 'd_model': 768, 'd_kv': 64, 'd_ff': 2048, 'num_layers': 12, 'num_decoder_layers': 12, 'num_heads': 12, 'relative_attention_num_buckets': 32, 'relative_attention_max_distance': 128, 'dropout_rate': 0.1, 'classifier_dropout': 0.0, 'layer_norm_epsilon': 1e-06, 'initializer_factor': 1.0, 'feed_forward_proj': 'gated-gelu', 'use_cache': False, 'dense_act_fn': 'gelu_new', 'is_gated_act': True, 'return_dict': True, 'output_hidden_states': False, 'torchscript': False, 'dtype': 'float32', 'pruned_heads': {}, 'tie_word_embeddings': False, 'chunk_size_feed_forward': 0, 'is_encoder_decoder': True, 'is_decoder': False, 'cross_attention_hidden_size': None, 'add_cross_attention': False, 'tie_encoder_decoder': False, 'architectures': ['MT5ForConditionalGeneration'], 'finetuning_task': None, 'id2label': {0: 'LABEL_0', 1: 'LABEL_1'}, 'label2id': {'LABEL_0': 0, 'LABEL_1': 1}, 'task_specific_params': None, 'problem_type': None, 'tokenizer_class': 'T5Tokenizer', 'prefix': None, 'bos_token_id': None, 'pad_token_id': 0, 'eos_token_id': 1, 'sep_token_id': None, 'decoder_start_token_id': 0, 'max_length': 20, 'min_length': 0, 'do_sample': False, 'early_stopping': False, 'num_beams': 1, 'temperature': 1.0, 'top_k': 50, 'top_p': 1.0, 'typical_p': 1.0, 'repetition_penalty': 1.0, 'length_penalty': 1.0, 'no_repeat_ngram_size': 0, 'encoder_no_repeat_ngram_size': 0, 'bad_words_ids': None, 'num_return_sequences': 1, 'output_scores': False, 'return_dict_in_generate': False, 'forced_bos_token_id': None, 'forced_eos_token_id': None, 'remove_invalid_values': False, 'exponential_decay_length_penalty': None, 'suppress_tokens': None, 'begin_suppress_tokens': None, 'num_beam_groups': 1, 'diversity_penalty': 0.0, '_name_or_path': 'C:/ML/models/cendol-mt5-base-inst', 'transformers_version': '4.57.1', 'model_type': 'mt5', 'output_past': True, 'tf_legacy_loss': False, 'use_bfloat16': False, 'output_attentions': False, 'output_dir': 'C:/cendol-mt5/outputs/pap2id_phase7_e10_wandb', 'overwrite_output_dir': True, 'do_train': False, 'do_eval': True, 'do_predict': False, 'eval_strategy': 'epoch', 'prediction_loss_only': False, 'per_device_train_batch_size': 4, 'per_device_eval_batch_size': 4, 'per_gpu_train_batch_size': None, 'per_gpu_eval_batch_size': None, 'gradient_accumulation_steps': 8, 'eval_accumulation_steps': None, 'eval_delay': 0, 'torch_empty_cache_steps': None, 'learning_rate': 3e-06, 'weight_decay': 0.01, 'adam_beta1': 0.9, 'adam_beta2': 0.999, 'adam_epsilon': 1e-08, 'max_grad_norm': 0.1, 'num_train_epochs': 10.0, 'max_steps': -1, 'lr_scheduler_type': 'cosine', 'lr_scheduler_kwargs': {}, 'warmup_ratio': 0.1, 'warmup_steps': 0, 'log_level': 'passive', 'log_level_replica': 'warning', 'log_on_each_node': True, 'logging_dir': 'C:/cendol-mt5/outputs/pap2id_phase7_e10_wandb\\runs\\Oct22_00-16-10_LAPTOP-TCG8H7Q6', 'logging_strategy': 'steps', 'logging_first_step': False, 'logging_steps': 50, 'logging_nan_inf_filter': True, 'save_strategy': 'epoch', 'save_steps': 500, 'save_total_limit': 3, 'save_safetensors': True, 'save_on_each_node': False, 'save_only_model': False, 'restore_callback_states_from_checkpoint': False, 'no_cuda': False, 'use_cpu': False, 'use_mps_device': False, 'seed': 42, 'data_seed': None, 'jit_mode_eval': False, 'bf16': False, 'fp16': False, 'fp16_opt_level': 'O1', 'half_precision_backend': 'auto', 'bf16_full_eval': False, 'fp16_full_eval': False, 'tf32': None, 'local_rank': 0, 'ddp_backend': None, 'tpu_num_cores': None, 'tpu_metrics_debug': False, 'debug': [], 'dataloader_drop_last': False, 'eval_steps': None, 'dataloader_num_workers': 0, 'dataloader_prefetch_factor': None, 'past_index': -1, 'run_name': None, 'disable_tqdm': False, 'remove_unused_columns': False, 'label_names': None, 'load_best_model_at_end': True, 'metric_for_best_model': 'bleu', 'greater_is_better': True, 'ignore_data_skip': False, 'fsdp': [], 'fsdp_min_num_params': 0, 'fsdp_config': {'min_num_params': 0, 'xla': False, 'xla_fsdp_v2': False, 'xla_fsdp_grad_ckpt': False}, 'fsdp_transformer_layer_cls_to_wrap': None, 'accelerator_config': {'split_batches': False, 'dispatch_batches': None, 'even_batches': True, 'use_seedable_sampler': True, 'non_blocking': False, 'gradient_accumulation_kwargs': None}, 'parallelism_config': None, 'deepspeed': None, 'label_smoothing_factor': 0.0, 'optim': 'adamw_torch', 'optim_args': None, 'adafactor': False, 'group_by_length': False, 'length_column_name': 'length', 'report_to': ['wandb'], 'project': 'huggingface', 'trackio_space_id': 'trackio', 'ddp_find_unused_parameters': None, 'ddp_bucket_cap_mb': None, 'ddp_broadcast_buffers': None, 'dataloader_pin_memory': False, 'dataloader_persistent_workers': False, 'skip_memory_metrics': True, 'use_legacy_prediction_loop': False, 'push_to_hub': False, 'resume_from_checkpoint': None, 'hub_model_id': None, 'hub_strategy': 'every_save', 'hub_token': '<HUB_TOKEN>', 'hub_private_repo': None, 'hub_always_push': False, 'hub_revision': None, 'gradient_checkpointing': False, 'gradient_checkpointing_kwargs': None, 'include_inputs_for_metrics': False, 'include_for_metrics': [], 'eval_do_concat_batches': True, 'fp16_backend': 'auto', 'push_to_hub_model_id': None, 'push_to_hub_organization': None, 'push_to_hub_token': '<PUSH_TO_HUB_TOKEN>', 'mp_parameters': '', 'auto_find_batch_size': False, 'full_determinism': False, 'torchdynamo': None, 'ray_scope': 'last', 'ddp_timeout': 1800, 'torch_compile': False, 'torch_compile_backend': None, 'torch_compile_mode': None, 'include_tokens_per_second': False, 'include_num_input_tokens_seen': 'no', 'neftune_noise_alpha': None, 'optim_target_modules': None, 'batch_eval_metrics': False, 'eval_on_start': False, 'use_liger_kernel': False, 'liger_kernel_config': None, 'eval_use_gather_object': False, 'average_tokens_across_devices': True, 'sortish_sampler': False, 'predict_with_generate': True, 'generation_max_length': 256, 'generation_num_beams': 6, 'generation_config': None}
2025-10-22 00:16:10,842 INFO    MainThread:428 [wandb_config.py:__setitem__():154] [no run ID] config set model/num_parameters = 583286016 - <bound method Run._config_callback of <wandb.sdk.wandb_run.Run object at 0x000002102CBD4710>>
2025-10-22 00:16:10,842 INFO    MainThread:428 [wandb_run.py:_config_callback():1392] config_cb model/num_parameters 583286016 None
2025-10-22 00:19:52,068 ERROR   wandb-AsyncioManager-main:428 [service_client.py:_forward_responses():77] Error reading server response.
Traceback (most recent call last):
  File "C:\Users\Amos Valentino\AppData\Local\Programs\Python\Python311\Lib\asyncio\windows_events.py", line 494, in finish_recv
    return ov.getresult()
           ^^^^^^^^^^^^^^
OSError: [WinError 64] The specified network name is no longer available

During handling of the above exception, another exception occurred:

Traceback (most recent call last):
  File "C:\cendol-mt5\.venv\Lib\site-packages\wandb\sdk\lib\service\service_client.py", line 73, in _forward_responses
    while response := await self._read_server_response():
                      ^^^^^^^^^^^^^^^^^^^^^^^^^^^^^^^^^^
  File "C:\cendol-mt5\.venv\Lib\site-packages\wandb\sdk\lib\service\service_client.py", line 87, in _read_server_response
    header = await self._reader.readexactly(_HEADER_BYTE_INT_LEN)
             ^^^^^^^^^^^^^^^^^^^^^^^^^^^^^^^^^^^^^^^^^^^^^^^^^^^^
  File "C:\Users\Amos Valentino\AppData\Local\Programs\Python\Python311\Lib\asyncio\streams.py", line 728, in readexactly
    await self._wait_for_data('readexactly')
  File "C:\Users\Amos Valentino\AppData\Local\Programs\Python\Python311\Lib\asyncio\streams.py", line 522, in _wait_for_data
    await self._waiter
  File "C:\Users\Amos Valentino\AppData\Local\Programs\Python\Python311\Lib\asyncio\proactor_events.py", line 286, in _loop_reading
    length = fut.result()
             ^^^^^^^^^^^^
  File "C:\Users\Amos Valentino\AppData\Local\Programs\Python\Python311\Lib\asyncio\windows_events.py", line 846, in _poll
    value = callback(transferred, key, ov)
            ^^^^^^^^^^^^^^^^^^^^^^^^^^^^^^
  File "C:\Users\Amos Valentino\AppData\Local\Programs\Python\Python311\Lib\asyncio\windows_events.py", line 498, in finish_recv
    raise ConnectionResetError(*exc.args)
ConnectionResetError: [WinError 64] The specified network name is no longer available
2025-10-22 00:19:52,126 INFO    wandb-AsyncioManager-main:428 [mailbox.py:close():137] Closing mailbox, abandoning 2 handles.
2025-10-22 00:29:16,942 ERROR   MainThread:428 [redirect.py:_on_write():664] [all runs] error in stderr callback
Traceback (most recent call last):
  File "C:\Users\Amos Valentino\AppData\Local\Programs\Python\Python311\Lib\asyncio\windows_events.py", line 494, in finish_recv
    return ov.getresult()
           ^^^^^^^^^^^^^^
OSError: [WinError 64] The specified network name is no longer available

During handling of the above exception, another exception occurred:

Traceback (most recent call last):
  File "C:\cendol-mt5\.venv\Lib\site-packages\wandb\sdk\lib\redirect.py", line 662, in _on_write
    cb(written_data)
  File "C:\cendol-mt5\.venv\Lib\site-packages\wandb\sdk\wandb_run.py", line 2436, in <lambda>
    lambda data: self._console_raw_callback("stderr", data),
                 ^^^^^^^^^^^^^^^^^^^^^^^^^^^^^^^^^^^^^^^^^^
  File "C:\cendol-mt5\.venv\Lib\site-packages\wandb\sdk\wandb_run.py", line 399, in wrapper
    return func(self, *args, **kwargs)
           ^^^^^^^^^^^^^^^^^^^^^^^^^^^
  File "C:\cendol-mt5\.venv\Lib\site-packages\wandb\sdk\wandb_run.py", line 457, in wrapper_fn
    return func(self, *args, **kwargs)
           ^^^^^^^^^^^^^^^^^^^^^^^^^^^
  File "C:\cendol-mt5\.venv\Lib\site-packages\wandb\sdk\wandb_run.py", line 1595, in _console_raw_callback
    self._backend.interface.publish_output_raw(name, data)
  File "C:\cendol-mt5\.venv\Lib\site-packages\wandb\sdk\interface\interface.py", line 802, in publish_output_raw
    self._publish_output_raw(o)
  File "C:\cendol-mt5\.venv\Lib\site-packages\wandb\sdk\interface\interface_shared.py", line 37, in _publish_output_raw
    self._publish(rec)
  File "C:\cendol-mt5\.venv\Lib\site-packages\wandb\sdk\interface\interface_sock.py", line 43, in _publish
    self._asyncer.run(lambda: self._client.publish(request))
  File "C:\cendol-mt5\.venv\Lib\site-packages\wandb\sdk\lib\asyncio_manager.py", line 136, in run
    return future.result()
           ^^^^^^^^^^^^^^^
  File "C:\Users\Amos Valentino\AppData\Local\Programs\Python\Python311\Lib\concurrent\futures\_base.py", line 456, in result
    return self.__get_result()
           ^^^^^^^^^^^^^^^^^^^
  File "C:\Users\Amos Valentino\AppData\Local\Programs\Python\Python311\Lib\concurrent\futures\_base.py", line 401, in __get_result
    raise self._exception
  File "C:\cendol-mt5\.venv\Lib\site-packages\wandb\sdk\lib\asyncio_manager.py", line 219, in _wrap
    return await fn()
           ^^^^^^^^^^
  File "C:\cendol-mt5\.venv\Lib\site-packages\wandb\sdk\lib\service\service_client.py", line 38, in publish
    await self._send_server_request(request)
  File "C:\cendol-mt5\.venv\Lib\site-packages\wandb\sdk\lib\service\service_client.py", line 64, in _send_server_request
    await self._writer.drain()
  File "C:\Users\Amos Valentino\AppData\Local\Programs\Python\Python311\Lib\asyncio\streams.py", line 366, in drain
    raise exc
  File "C:\cendol-mt5\.venv\Lib\site-packages\wandb\sdk\lib\service\service_client.py", line 73, in _forward_responses
    while response := await self._read_server_response():
                      ^^^^^^^^^^^^^^^^^^^^^^^^^^^^^^^^^^
  File "C:\cendol-mt5\.venv\Lib\site-packages\wandb\sdk\lib\service\service_client.py", line 87, in _read_server_response
    header = await self._reader.readexactly(_HEADER_BYTE_INT_LEN)
             ^^^^^^^^^^^^^^^^^^^^^^^^^^^^^^^^^^^^^^^^^^^^^^^^^^^^
  File "C:\Users\Amos Valentino\AppData\Local\Programs\Python\Python311\Lib\asyncio\streams.py", line 728, in readexactly
    await self._wait_for_data('readexactly')
  File "C:\Users\Amos Valentino\AppData\Local\Programs\Python\Python311\Lib\asyncio\streams.py", line 522, in _wait_for_data
    await self._waiter
  File "C:\Users\Amos Valentino\AppData\Local\Programs\Python\Python311\Lib\asyncio\proactor_events.py", line 286, in _loop_reading
    length = fut.result()
             ^^^^^^^^^^^^
  File "C:\Users\Amos Valentino\AppData\Local\Programs\Python\Python311\Lib\asyncio\windows_events.py", line 846, in _poll
    value = callback(transferred, key, ov)
            ^^^^^^^^^^^^^^^^^^^^^^^^^^^^^^
  File "C:\Users\Amos Valentino\AppData\Local\Programs\Python\Python311\Lib\asyncio\windows_events.py", line 498, in finish_recv
    raise ConnectionResetError(*exc.args)
ConnectionResetError: [WinError 64] The specified network name is no longer available
2025-10-22 00:29:16,984 ERROR   MainThread:428 [redirect.py:_on_write():664] [all runs] error in stderr callback
Traceback (most recent call last):
  File "C:\Users\Amos Valentino\AppData\Local\Programs\Python\Python311\Lib\asyncio\windows_events.py", line 494, in finish_recv
    return ov.getresult()
           ^^^^^^^^^^^^^^
OSError: [WinError 64] The specified network name is no longer available

During handling of the above exception, another exception occurred:

Traceback (most recent call last):
  File "C:\cendol-mt5\.venv\Lib\site-packages\wandb\sdk\lib\redirect.py", line 662, in _on_write
    cb(written_data)
  File "C:\cendol-mt5\.venv\Lib\site-packages\wandb\sdk\wandb_run.py", line 2436, in <lambda>
    lambda data: self._console_raw_callback("stderr", data),
                 ^^^^^^^^^^^^^^^^^^^^^^^^^^^^^^^^^^^^^^^^^^
  File "C:\cendol-mt5\.venv\Lib\site-packages\wandb\sdk\wandb_run.py", line 399, in wrapper
    return func(self, *args, **kwargs)
           ^^^^^^^^^^^^^^^^^^^^^^^^^^^
  File "C:\cendol-mt5\.venv\Lib\site-packages\wandb\sdk\wandb_run.py", line 457, in wrapper_fn
    return func(self, *args, **kwargs)
           ^^^^^^^^^^^^^^^^^^^^^^^^^^^
  File "C:\cendol-mt5\.venv\Lib\site-packages\wandb\sdk\wandb_run.py", line 1595, in _console_raw_callback
    self._backend.interface.publish_output_raw(name, data)
  File "C:\cendol-mt5\.venv\Lib\site-packages\wandb\sdk\interface\interface.py", line 802, in publish_output_raw
    self._publish_output_raw(o)
  File "C:\cendol-mt5\.venv\Lib\site-packages\wandb\sdk\interface\interface_shared.py", line 37, in _publish_output_raw
    self._publish(rec)
  File "C:\cendol-mt5\.venv\Lib\site-packages\wandb\sdk\interface\interface_sock.py", line 43, in _publish
    self._asyncer.run(lambda: self._client.publish(request))
  File "C:\cendol-mt5\.venv\Lib\site-packages\wandb\sdk\lib\asyncio_manager.py", line 136, in run
    return future.result()
           ^^^^^^^^^^^^^^^
  File "C:\Users\Amos Valentino\AppData\Local\Programs\Python\Python311\Lib\concurrent\futures\_base.py", line 456, in result
    return self.__get_result()
           ^^^^^^^^^^^^^^^^^^^
  File "C:\Users\Amos Valentino\AppData\Local\Programs\Python\Python311\Lib\concurrent\futures\_base.py", line 401, in __get_result
    raise self._exception
  File "C:\cendol-mt5\.venv\Lib\site-packages\wandb\sdk\lib\asyncio_manager.py", line 219, in _wrap
    return await fn()
           ^^^^^^^^^^
  File "C:\cendol-mt5\.venv\Lib\site-packages\wandb\sdk\lib\service\service_client.py", line 38, in publish
    await self._send_server_request(request)
  File "C:\cendol-mt5\.venv\Lib\site-packages\wandb\sdk\lib\service\service_client.py", line 64, in _send_server_request
    await self._writer.drain()
  File "C:\Users\Amos Valentino\AppData\Local\Programs\Python\Python311\Lib\asyncio\streams.py", line 366, in drain
    raise exc
  File "C:\cendol-mt5\.venv\Lib\site-packages\wandb\sdk\lib\redirect.py", line 662, in _on_write
    cb(written_data)
  File "C:\cendol-mt5\.venv\Lib\site-packages\wandb\sdk\wandb_run.py", line 2436, in <lambda>
    lambda data: self._console_raw_callback("stderr", data),
                 ^^^^^^^^^^^^^^^^^^^^^^^^^^^^^^^^^^^^^^^^^^
  File "C:\cendol-mt5\.venv\Lib\site-packages\wandb\sdk\wandb_run.py", line 399, in wrapper
    return func(self, *args, **kwargs)
           ^^^^^^^^^^^^^^^^^^^^^^^^^^^
  File "C:\cendol-mt5\.venv\Lib\site-packages\wandb\sdk\wandb_run.py", line 457, in wrapper_fn
    return func(self, *args, **kwargs)
           ^^^^^^^^^^^^^^^^^^^^^^^^^^^
  File "C:\cendol-mt5\.venv\Lib\site-packages\wandb\sdk\wandb_run.py", line 1595, in _console_raw_callback
    self._backend.interface.publish_output_raw(name, data)
  File "C:\cendol-mt5\.venv\Lib\site-packages\wandb\sdk\interface\interface.py", line 802, in publish_output_raw
    self._publish_output_raw(o)
  File "C:\cendol-mt5\.venv\Lib\site-packages\wandb\sdk\interface\interface_shared.py", line 37, in _publish_output_raw
    self._publish(rec)
  File "C:\cendol-mt5\.venv\Lib\site-packages\wandb\sdk\interface\interface_sock.py", line 43, in _publish
    self._asyncer.run(lambda: self._client.publish(request))
  File "C:\cendol-mt5\.venv\Lib\site-packages\wandb\sdk\lib\asyncio_manager.py", line 136, in run
    return future.result()
           ^^^^^^^^^^^^^^^
  File "C:\Users\Amos Valentino\AppData\Local\Programs\Python\Python311\Lib\concurrent\futures\_base.py", line 456, in result
    return self.__get_result()
           ^^^^^^^^^^^^^^^^^^^
  File "C:\Users\Amos Valentino\AppData\Local\Programs\Python\Python311\Lib\concurrent\futures\_base.py", line 401, in __get_result
    raise self._exception
  File "C:\cendol-mt5\.venv\Lib\site-packages\wandb\sdk\lib\asyncio_manager.py", line 219, in _wrap
    return await fn()
           ^^^^^^^^^^
  File "C:\cendol-mt5\.venv\Lib\site-packages\wandb\sdk\lib\service\service_client.py", line 38, in publish
    await self._send_server_request(request)
  File "C:\cendol-mt5\.venv\Lib\site-packages\wandb\sdk\lib\service\service_client.py", line 64, in _send_server_request
    await self._writer.drain()
  File "C:\Users\Amos Valentino\AppData\Local\Programs\Python\Python311\Lib\asyncio\streams.py", line 366, in drain
    raise exc
  File "C:\cendol-mt5\.venv\Lib\site-packages\wandb\sdk\lib\service\service_client.py", line 73, in _forward_responses
    while response := await self._read_server_response():
                      ^^^^^^^^^^^^^^^^^^^^^^^^^^^^^^^^^^
  File "C:\cendol-mt5\.venv\Lib\site-packages\wandb\sdk\lib\service\service_client.py", line 87, in _read_server_response
    header = await self._reader.readexactly(_HEADER_BYTE_INT_LEN)
             ^^^^^^^^^^^^^^^^^^^^^^^^^^^^^^^^^^^^^^^^^^^^^^^^^^^^
  File "C:\Users\Amos Valentino\AppData\Local\Programs\Python\Python311\Lib\asyncio\streams.py", line 728, in readexactly
    await self._wait_for_data('readexactly')
  File "C:\Users\Amos Valentino\AppData\Local\Programs\Python\Python311\Lib\asyncio\streams.py", line 522, in _wait_for_data
    await self._waiter
  File "C:\Users\Amos Valentino\AppData\Local\Programs\Python\Python311\Lib\asyncio\proactor_events.py", line 286, in _loop_reading
    length = fut.result()
             ^^^^^^^^^^^^
  File "C:\Users\Amos Valentino\AppData\Local\Programs\Python\Python311\Lib\asyncio\windows_events.py", line 846, in _poll
    value = callback(transferred, key, ov)
            ^^^^^^^^^^^^^^^^^^^^^^^^^^^^^^
  File "C:\Users\Amos Valentino\AppData\Local\Programs\Python\Python311\Lib\asyncio\windows_events.py", line 498, in finish_recv
    raise ConnectionResetError(*exc.args)
ConnectionResetError: [WinError 64] The specified network name is no longer available
